2025-08-29T13:34:31.365Z - info: [ui] [AppStore] loading 0 repositories from store
2025-08-29T13:34:31.382Z - info: [ui] [Welcome] no sign in step found. ignoring...
2025-08-29T13:34:31.392Z - info: [ui] [Welcome] no sign in step found. ignoring...
2025-08-29T13:34:31.393Z - info: [ui] launching: 3.4.13-linux1 (Linux 6.16.3-arch1-1)
2025-08-29T13:34:31.393Z - info: [ui] execPath: '/opt/github-desktop/github-desktop'
2025-08-29T13:34:31.399Z - info: [ui] [Welcome] no sign in step found. ignoring...
2025-08-29T13:34:31.616Z - info: [ui] [Welcome] no sign in step found. ignoring...
2025-08-29T13:34:31.620Z - info: [ui] [Welcome] no sign in step found. ignoring...
2025-08-29T13:34:31.765Z - info: [ui] Opt in reported.
2025-08-29T13:34:34.037Z - info: [ui] [Welcome] no sign in step found. ignoring...
2025-08-29T13:34:35.046Z - info: [ui] [Welcome] no sign in step found. ignoring...
2025-08-29T13:34:36.817Z - info: [ui] [Welcome] advancing to step: SignInToDotComWithBrowser
2025-08-29T13:34:36.817Z - info: [ui] [SignInStore] initializing OAuth flow
2025-08-29T13:34:36.819Z - info: [main] opening in browser: https://github.com/login/oauth/authorize?client_id=3a723b10ac5575cc5bb9&scope=repo%20user%20workflow&state=27633226-2a17-4d3a-87f0-9808bdd52a90
2025-08-29T13:34:36.819Z - info: [ui] [Welcome] current sign in state not found. ignoring...
2025-08-29T13:34:37.900Z - info: [ui] [Welcome] kind Authentication is the same as Authentication. ignoring...
2025-08-29T13:34:43.807Z - info: [main] Received possible protocol arguments: 3
2025-08-29T13:34:43.807Z - info: [main] Processing protocol url
2025-08-29T13:34:43.809Z - info: [ui] [Welcome] kind Authentication is the same as Authentication. ignoring...
2025-08-29T13:34:43.840Z - info: [main] Received possible protocol arguments: 2
2025-08-29T13:34:43.843Z - info: [main] Processing protocol url
2025-08-29T13:34:44.535Z - info: [ui] [SignInStore] account resolved
2025-08-29T13:34:44.535Z - info: [ui] [AppStore] adding account roamingparrot (roamingparrot) to store
2025-08-29T13:34:44.538Z - info: [ui] [Welcome] advancing to step: ConfigureGit
2025-08-29T13:34:44.556Z - error: [ui] Error adding account 'roamingparrot'
Error: The name is not activatable
2025-08-29T13:34:44.558Z - info: [ui] [Welcome] no sign in step found. ignoring...
2025-08-29T13:34:47.555Z - info: [ui] [Welcome] no sign in step found. ignoring...
2025-08-29T13:34:47.814Z - info: [ui] [Welcome] no sign in step found. ignoring...
2025-08-29T13:34:48.029Z - info: [ui] [Welcome] no sign in step found. ignoring...
2025-08-29T13:35:41.054Z - info: [ui] [AppStore] adding repository at /home/roaming/.config to store
